<?xml version="1.0" encoding="UTF-8"?>
<testng-results ignored="0" total="1" passed="1" failed="0" skipped="0">
  <reporter-output>
  </reporter-output>
  <suite started-at="2025-08-20T07:42:05 IST" name="Default suite" finished-at="2025-08-20T07:42:09 IST" duration-ms="3355">
    <groups>
    </groups>
    <test started-at="2025-08-20T07:42:05 IST" name="Default test" finished-at="2025-08-20T07:42:09 IST" duration-ms="3355">
      <class name="v2.Test1">
        <test-method is-config="true" signature="init()[pri:0, instance:v2.Test1@3349e9bb]" started-at="2025-08-20T07:42:05 IST" name="init" finished-at="2025-08-20T07:42:08 IST" duration-ms="2925" status="PASS">
          <reporter-output>
          </reporter-output>
        </test-method> <!-- init -->
        <test-method signature="firstTest()[pri:0, instance:v2.Test1@3349e9bb]" started-at="2025-08-20T07:42:08 IST" name="firstTest" finished-at="2025-08-20T07:42:09 IST" duration-ms="233" status="PASS">
          <reporter-output>
          </reporter-output>
        </test-method> <!-- firstTest -->
        <test-method is-config="true" signature="tearDown()[pri:0, instance:v2.Test1@3349e9bb]" started-at="2025-08-20T07:42:09 IST" name="tearDown" finished-at="2025-08-20T07:42:09 IST" duration-ms="160" status="PASS">
          <reporter-output>
          </reporter-output>
        </test-method> <!-- tearDown -->
      </class> <!-- v2.Test1 -->
    </test> <!-- Default test -->
  </suite> <!-- Default suite -->
</testng-results>
