<?xml version="1.0" encoding="UTF-8"?>
<!-- Generated by org.testng.reporters.JUnitXMLReporter -->
<testsuite ignored="0" hostname="KRT-laptop" failures="0" tests="7" name="BankingTests" time="65.078" errors="0" timestamp="2025-09-06T15:27:27 IST">
  <testcase classname="com.banking.tests.RegisterTest" name="testUserRegistration" time="2.748"/>
  <testcase classname="com.banking.tests.LoginTest" name="verifyTitleContainsParaBank" time="0.026"/>
  <testcase classname="com.banking.tests.AccountsOverviewTest" name="verifyAccountsOverviewPageLoads" time="0.036"/>
  <testcase classname="com.banking.tests.OpenAccountTest" name="openNewAccount" time="3.91"/>
  <testcase classname="com.banking.tests.FundTransferTest" name="transferFundsBetweenAccounts" time="3.851"/>
  <testcase classname="com.banking.tests.LoanTest" name="applyForLoan" time="4.129"/>
  <testcase classname="com.banking.tests.BillPaymentTest" name="payBill" time="2.195"/>
</testsuite> <!-- BankingTests -->
