<?xml version="1.0" encoding="UTF-8"?>
<testng-results ignored="0" total="1" passed="1" failed="0" skipped="0">
  <reporter-output>
  </reporter-output>
  <suite started-at="2025-08-20T21:32:36 IST" name="Default suite" finished-at="2025-08-20T21:32:43 IST" duration-ms="6613">
    <groups>
    </groups>
    <test started-at="2025-08-20T21:32:36 IST" name="Default test" finished-at="2025-08-20T21:32:43 IST" duration-ms="6613">
      <class name="LoggerEx.LoggerExamp">
        <test-method is-config="true" signature="init()[pri:0, instance:LoggerEx.LoggerExamp@48d5f34e]" started-at="2025-08-20T21:32:36 IST" name="init" finished-at="2025-08-20T21:32:42 IST" duration-ms="5938" status="PASS">
          <reporter-output>
          </reporter-output>
        </test-method> <!-- init -->
        <test-method signature="firstTest()[pri:0, instance:LoggerEx.LoggerExamp@48d5f34e]" started-at="2025-08-20T21:32:42 IST" name="firstTest" finished-at="2025-08-20T21:32:42 IST" duration-ms="377" status="PASS">
          <reporter-output>
          </reporter-output>
        </test-method> <!-- firstTest -->
        <test-method is-config="true" signature="tearDown()[pri:0, instance:LoggerEx.LoggerExamp@48d5f34e]" started-at="2025-08-20T21:32:42 IST" name="tearDown" finished-at="2025-08-20T21:32:43 IST" duration-ms="245" status="PASS">
          <reporter-output>
          </reporter-output>
        </test-method> <!-- tearDown -->
      </class> <!-- LoggerEx.LoggerExamp -->
    </test> <!-- Default test -->
  </suite> <!-- Default suite -->
</testng-results>
