<?xml version="1.0" encoding="UTF-8"?>
<testng-results ignored="0" total="18" passed="18" failed="0" skipped="0">
  <reporter-output>
  </reporter-output>
  <suite started-at="2025-08-21T21:24:56 IST" name="TestNGTasks" finished-at="2025-08-21T21:25:10 IST" duration-ms="13911">
    <groups>
    </groups>
    <test started-at="2025-08-21T21:24:56 IST" name="ParamTest" finished-at="2025-08-21T21:25:01 IST" duration-ms="4932">
      <class name="tests.ParamTest">
        <test-method signature="openSite(java.lang.String,java.lang.String)[pri:0, instance:tests.ParamTest@4efbca5a]" started-at="2025-08-21T21:24:56 IST" name="openSite" finished-at="2025-08-21T21:25:01 IST" duration-ms="4888" status="PASS">
          <params>
            <param index="0">
              <value>
                <![CDATA[https://google.com]]>
              </value>
            </param>
            <param index="1">
              <value>
                <![CDATA[chrome]]>
              </value>
            </param>
          </params>
          <reporter-output>
          </reporter-output>
        </test-method> <!-- openSite -->
      </class> <!-- tests.ParamTest -->
    </test> <!-- ParamTest -->
    <test started-at="2025-08-21T21:25:01 IST" name="DependencyTest" finished-at="2025-08-21T21:25:01 IST" duration-ms="13">
      <class name="tests.DependencyTest">
        <test-method signature="startApp()[pri:0, instance:tests.DependencyTest@36ebc363]" started-at="2025-08-21T21:25:01 IST" name="startApp" finished-at="2025-08-21T21:25:01 IST" duration-ms="2" status="PASS">
          <reporter-output>
          </reporter-output>
        </test-method> <!-- startApp -->
        <test-method signature="login()[pri:0, instance:tests.DependencyTest@36ebc363]" started-at="2025-08-21T21:25:01 IST" name="login" finished-at="2025-08-21T21:25:01 IST" depends-on-methods="tests.DependencyTest.startApp" duration-ms="2" status="PASS">
          <reporter-output>
          </reporter-output>
        </test-method> <!-- login -->
      </class> <!-- tests.DependencyTest -->
    </test> <!-- DependencyTest -->
    <test started-at="2025-08-21T21:25:01 IST" name="MultiThreadTest" finished-at="2025-08-21T21:25:01 IST" duration-ms="38">
      <class name="tests.MultiThreadTest">
        <test-method signature="testMultiThread()[pri:0, instance:tests.MultiThreadTest@7586beff]" started-at="2025-08-21T21:25:01 IST" name="testMultiThread" finished-at="2025-08-21T21:25:01 IST" duration-ms="6" status="PASS">
          <reporter-output>
          </reporter-output>
        </test-method> <!-- testMultiThread -->
        <test-method signature="testMultiThread()[pri:0, instance:tests.MultiThreadTest@7586beff]" started-at="2025-08-21T21:25:01 IST" name="testMultiThread" finished-at="2025-08-21T21:25:01 IST" duration-ms="8" status="PASS">
          <reporter-output>
          </reporter-output>
        </test-method> <!-- testMultiThread -->
        <test-method signature="testMultiThread()[pri:0, instance:tests.MultiThreadTest@7586beff]" started-at="2025-08-21T21:25:01 IST" name="testMultiThread" finished-at="2025-08-21T21:25:01 IST" duration-ms="3" status="PASS">
          <reporter-output>
          </reporter-output>
        </test-method> <!-- testMultiThread -->
        <test-method signature="testMultiThread()[pri:0, instance:tests.MultiThreadTest@7586beff]" started-at="2025-08-21T21:25:01 IST" name="testMultiThread" finished-at="2025-08-21T21:25:01 IST" duration-ms="1" status="PASS">
          <reporter-output>
          </reporter-output>
        </test-method> <!-- testMultiThread -->
        <test-method signature="testMultiThread()[pri:0, instance:tests.MultiThreadTest@7586beff]" started-at="2025-08-21T21:25:01 IST" name="testMultiThread" finished-at="2025-08-21T21:25:01 IST" duration-ms="10" status="PASS">
          <reporter-output>
          </reporter-output>
        </test-method> <!-- testMultiThread -->
        <test-method signature="testMultiThread()[pri:0, instance:tests.MultiThreadTest@7586beff]" started-at="2025-08-21T21:25:01 IST" name="testMultiThread" finished-at="2025-08-21T21:25:01 IST" duration-ms="3" status="PASS">
          <reporter-output>
          </reporter-output>
        </test-method> <!-- testMultiThread -->
      </class> <!-- tests.MultiThreadTest -->
    </test> <!-- MultiThreadTest -->
    <test started-at="2025-08-21T21:25:01 IST" name="ExtentReportTest" finished-at="2025-08-21T21:25:04 IST" duration-ms="3421">
      <class name="tests.ExtentReportTest">
        <test-method is-config="true" signature="startReport()[pri:0, instance:tests.ExtentReportTest@3b0090a4]" started-at="2025-08-21T21:25:01 IST" name="startReport" finished-at="2025-08-21T21:25:03 IST" duration-ms="1672" status="PASS">
          <reporter-output>
          </reporter-output>
        </test-method> <!-- startReport -->
        <test-method signature="demoReport()[pri:0, instance:tests.ExtentReportTest@3b0090a4]" started-at="2025-08-21T21:25:03 IST" name="demoReport" finished-at="2025-08-21T21:25:04 IST" duration-ms="1062" status="PASS">
          <reporter-output>
          </reporter-output>
        </test-method> <!-- demoReport -->
        <test-method is-config="true" signature="endReport()[pri:0, instance:tests.ExtentReportTest@3b0090a4]" started-at="2025-08-21T21:25:04 IST" name="endReport" finished-at="2025-08-21T21:25:04 IST" duration-ms="681" status="PASS">
          <reporter-output>
          </reporter-output>
        </test-method> <!-- endReport -->
      </class> <!-- tests.ExtentReportTest -->
    </test> <!-- ExtentReportTest -->
    <test started-at="2025-08-21T21:25:04 IST" name="AssertionTest" finished-at="2025-08-21T21:25:07 IST" duration-ms="2568">
      <class name="tests.AssertionTest">
        <test-method signature="testTitle()[pri:0, instance:tests.AssertionTest@7c6908d7]" started-at="2025-08-21T21:25:04 IST" name="testTitle" finished-at="2025-08-21T21:25:07 IST" duration-ms="2562" status="PASS">
          <reporter-output>
          </reporter-output>
        </test-method> <!-- testTitle -->
        <test-method signature="verifySomething()[pri:0, instance:tests.AssertionTest@7c6908d7]" started-at="2025-08-21T21:25:07 IST" name="verifySomething" finished-at="2025-08-21T21:25:07 IST" duration-ms="1" status="PASS">
          <reporter-output>
          </reporter-output>
        </test-method> <!-- verifySomething -->
      </class> <!-- tests.AssertionTest -->
    </test> <!-- AssertionTest -->
    <test started-at="2025-08-21T21:25:07 IST" name="CrossBrowserTest" finished-at="2025-08-21T21:25:10 IST" duration-ms="2796">
      <class name="tests.CrossBrowserTest">
        <test-method is-config="true" signature="setup(java.lang.String)[pri:0, instance:tests.CrossBrowserTest@26794848]" started-at="2025-08-21T21:25:07 IST" name="setup" finished-at="2025-08-21T21:25:08 IST" duration-ms="1544" status="PASS">
          <params>
            <param index="0">
              <value>
                <![CDATA[chrome]]>
              </value>
            </param>
          </params>
          <reporter-output>
          </reporter-output>
        </test-method> <!-- setup -->
        <test-method signature="openGoogle()[pri:0, instance:tests.CrossBrowserTest@26794848]" started-at="2025-08-21T21:25:08 IST" name="openGoogle" finished-at="2025-08-21T21:25:10 IST" duration-ms="1245" status="PASS">
          <reporter-output>
          </reporter-output>
        </test-method> <!-- openGoogle -->
        <test-method signature="verifySomething()[pri:0, instance:tests.CrossBrowserTest@26794848]" started-at="2025-08-21T21:25:10 IST" name="verifySomething" finished-at="2025-08-21T21:25:10 IST" duration-ms="2" status="PASS">
          <reporter-output>
          </reporter-output>
        </test-method> <!-- verifySomething -->
      </class> <!-- tests.CrossBrowserTest -->
    </test> <!-- CrossBrowserTest -->
    <test started-at="2025-08-21T21:25:10 IST" name="TestSuitesTest" finished-at="2025-08-21T21:25:10 IST" duration-ms="8">
      <class name="tests.TestSuitesTest">
        <test-method signature="login()[pri:0, instance:tests.TestSuitesTest@49438269]" started-at="2025-08-21T21:25:10 IST" name="login" finished-at="2025-08-21T21:25:10 IST" duration-ms="2" status="PASS">
          <reporter-output>
          </reporter-output>
        </test-method> <!-- login -->
        <test-method signature="verifySomething()[pri:0, instance:tests.TestSuitesTest@49438269]" started-at="2025-08-21T21:25:10 IST" name="verifySomething" finished-at="2025-08-21T21:25:10 IST" duration-ms="2" status="PASS">
          <reporter-output>
          </reporter-output>
        </test-method> <!-- verifySomething -->
      </class> <!-- tests.TestSuitesTest -->
    </test> <!-- TestSuitesTest -->
    <test started-at="2025-08-21T21:25:10 IST" name="ListenersTest" finished-at="2025-08-21T21:25:10 IST" duration-ms="0">
    </test> <!-- ListenersTest -->
    <test started-at="2025-08-21T21:25:10 IST" name="DataProvidersTest" finished-at="2025-08-21T21:25:10 IST" duration-ms="12">
      <class name="tests.DataProvidersTest">
        <test-method signature="testLogin(java.lang.String,java.lang.String)[pri:0, instance:tests.DataProvidersTest@38afe297]" started-at="2025-08-21T21:25:10 IST" name="testLogin" data-provider="data" finished-at="2025-08-21T21:25:10 IST" duration-ms="2" status="PASS">
          <params>
            <param index="0">
              <value>
                <![CDATA[admin]]>
              </value>
            </param>
            <param index="1">
              <value>
                <![CDATA[admin123]]>
              </value>
            </param>
          </params>
          <reporter-output>
          </reporter-output>
        </test-method> <!-- testLogin -->
        <test-method signature="testLogin(java.lang.String,java.lang.String)[pri:0, instance:tests.DataProvidersTest@38afe297]" started-at="2025-08-21T21:25:10 IST" name="testLogin" data-provider="data" finished-at="2025-08-21T21:25:10 IST" duration-ms="1" status="PASS">
          <params>
            <param index="0">
              <value>
                <![CDATA[user]]>
              </value>
            </param>
            <param index="1">
              <value>
                <![CDATA[user123]]>
              </value>
            </param>
          </params>
          <reporter-output>
          </reporter-output>
        </test-method> <!-- testLogin -->
      </class> <!-- tests.DataProvidersTest -->
    </test> <!-- DataProvidersTest -->
  </suite> <!-- TestNGTasks -->
</testng-results>
