<?xml version="1.0" encoding="UTF-8"?>
<!-- Generated by org.testng.reporters.JUnitXMLReporter -->
<testsuite ignored="0" hostname="KRT-laptop" failures="0" tests="6" name="MultiThreadTest" time="0.038" errors="0" timestamp="2025-08-21T21:25:01 IST">
  <testcase classname="tests.MultiThreadTest" name="testMultiThread" time="0.003"/>
  <testcase classname="tests.MultiThreadTest" name="testMultiThread" time="0.006"/>
  <testcase classname="tests.MultiThreadTest" name="testMultiThread" time="0.001"/>
  <testcase classname="tests.MultiThreadTest" name="testMultiThread" time="0.008"/>
  <testcase classname="tests.MultiThreadTest" name="testMultiThread" time="0.003"/>
  <testcase classname="tests.MultiThreadTest" name="testMultiThread" time="0.01"/>
</testsuite> <!-- MultiThreadTest -->
