<?xml version="1.0" encoding="UTF-8"?>
<!-- Generated by org.testng.reporters.JUnitXMLReporter -->
<testsuite ignored="2" hostname="KRT-laptop" failures="0" tests="2" name="Test" time="0.069" errors="0" timestamp="2025-08-20T22:13:24 IST">
  <testcase classname="advTestNg.GroupingDemo" name="test1" time="0.017"/>
  <testcase classname="advTestNg.GroupingDemo" name="test4" time="0.002"/>
  <testcase classname="advTestNg.GroupingDemo" name="test2" time="0.0">
    <ignored/>
  </testcase> <!-- test2 -->
  <testcase classname="advTestNg.GroupingDemo" name="test3" time="0.0">
    <ignored/>
  </testcase> <!-- test3 -->
</testsuite> <!-- Test -->
